* 46b3f97 : make login form work and using cookie
* cace71b : registartion form works and it save data from form to sqlite db
* b53d2d6 : this is just styling we are stile working on upload file
* f98f94c : add switch templetes
*   0a990fd : solved conlficts
|\  
| * 679cff1 : add input serch for templet
| * e2058e6 : recreat navbar, fix styling ,deletes extra files
| * bec462d : add templets page
| * 95c1a69 : delete node modules
* | 8126c90 : first commit on dev
|/  
* 12e5b8a : Creat templates page
* 5c8bcc9 : organise files and folders
* 4ba87b3 : fixing up nod modules
*   9ccb54d : organise pages , foter ,header , register, login
|\  
| * 6729d25 : decrease the size of images and also try to creat the secong page to log in and register there
| * b48e856 : try to make secong page to have login and register form in that
| *   e9f388b : more improvemnet in header
| |\  
| * | 3007f11 : I try to improve the styles
* | | 8a6d952 : doing git pull
| |/  
|/|   
* |   4397449 : work on navbar
|\ \  
| |/  
| *   d0e5626 : update on header
| |\  
| | * 8e795b6 : Delete Header.js
| * | c74f7c6 : more improvement header
* | | b8c16a5 : work on navbar
| |/  
|/|   
* |   68d6253 : Add regidter and log in form
|\ \  
| |/  
| *   871fce0 : worked on headre and footer, not finished yet
| |\  
| * | 040b288 : updating
* | | 0765d4e : Add register and login form
| |/  
|/|   
* | 8bc841d : having home footer header file
|/  
* 2d52640 : join repo
* b56d647 : testing
* 72dfded : Update README.md
* 8eb464b : push files
* 0e32a71 : Initial commit